<?xml version="1.0" encoding="UTF-8"?>
<testsuite name="assertions.Assertions" tests="1" skipped="0" failures="0" errors="0" timestamp="2022-10-30T11:41:51" hostname="MacBook-Pro.local" time="0.015">
  <properties/>
  <testcase name="Standart Operations" classname="assertions.Assertions" time="0.015"/>
  <system-out><![CDATA[]]></system-out>
  <system-err><![CDATA[]]></system-err>
</testsuite>
